<?xml version="1.0" encoding="UTF-8"?>
<testsuite name="defaultParamValue.DeclarationDefaultParamValueTest" tests="2" skipped="0" failures="0" errors="0" timestamp="2022-11-20T14:36:13" hostname="em-laptop-kw" time="0.001">
  <properties/>
  <testcase name="atTheEnd()" classname="defaultParamValue.DeclarationDefaultParamValueTest" time="0.0"/>
  <testcase name="atTheStart()" classname="defaultParamValue.DeclarationDefaultParamValueTest" time="0.0"/>
  <system-out><![CDATA[]]></system-out>
  <system-err><![CDATA[]]></system-err>
</testsuite>
