<?xml version="1.0" encoding="UTF-8"?>
<testsuite name="unit.DeclarationUnitTest" tests="2" skipped="0" failures="0" errors="0" timestamp="2022-11-21T06:42:30" hostname="em-laptop-kw" time="0.002">
  <properties/>
  <testcase name="doReturnNothing()" classname="unit.DeclarationUnitTest" time="0.001"/>
  <testcase name="doReturnUnit()" classname="unit.DeclarationUnitTest" time="0.0"/>
  <system-out><![CDATA[]]></system-out>
  <system-err><![CDATA[]]></system-err>
</testsuite>
