<?xml version="1.0" encoding="UTF-8"?>
<testsuite name="companion.DeclarationCompanionTest" tests="2" skipped="0" failures="0" errors="0" timestamp="2022-11-21T06:42:29" hostname="em-laptop-kw" time="0.139">
  <properties/>
  <testcase name="accessCompanionStatic()" classname="companion.DeclarationCompanionTest" time="0.001"/>
  <testcase name="accessStatic()" classname="companion.DeclarationCompanionTest" time="0.138"/>
  <system-out><![CDATA[Program arguments: bar
Program arguments: val companion.DeclarationCompanion.FOO: kotlin.String
]]></system-out>
  <system-err><![CDATA[]]></system-err>
</testsuite>
